2024-03-01 16:25:17,622 INFO o.s.b.StartupInfoLogger [restartedMain] Starting Ex1loggingApplication using Java 21.0.2 with PID 26304 (C:\Users\anton\Desktop\Develhope\eserciziJava\Spring\2.Spring_Adv\3. Logging\ex1logging\target\classes started by anton in C:\Users\anton\Desktop\Develhope\eserciziJava\Spring\2.Spring_Adv\3. Logging\ex1logging)
2024-03-01 16:25:17,626 DEBUG o.s.b.StartupInfoLogger [restartedMain] Running with Spring Boot v3.2.3, Spring v6.1.4
2024-03-01 16:25:17,627 INFO o.s.b.SpringApplication [restartedMain] No active profile set, falling back to 1 default profile: "default"
2024-03-01 16:25:17,712 INFO o.s.b.l.DeferredLog [restartedMain] Devtools property defaults active! Set 'spring.devtools.add-properties' to 'false' to disable
2024-03-01 16:25:17,713 INFO o.s.b.l.DeferredLog [restartedMain] For additional web related logging consider setting the 'logging.level.web' property to 'DEBUG'
2024-03-01 16:25:19,480 INFO o.s.b.w.e.t.TomcatWebServer [restartedMain] Tomcat initialized with port 8080 (http)
2024-03-01 16:25:19,499 INFO o.a.j.l.DirectJDKLog [restartedMain] Initializing ProtocolHandler ["http-nio-8080"]
2024-03-01 16:25:19,502 INFO o.a.j.l.DirectJDKLog [restartedMain] Starting service [Tomcat]
2024-03-01 16:25:19,504 INFO o.a.j.l.DirectJDKLog [restartedMain] Starting Servlet engine: [Apache Tomcat/10.1.19]
2024-03-01 16:25:19,567 INFO o.a.j.l.DirectJDKLog [restartedMain] Initializing Spring embedded WebApplicationContext
2024-03-01 16:25:19,569 INFO o.s.b.w.s.c.ServletWebServerApplicationContext [restartedMain] Root WebApplicationContext: initialization completed in 1853 ms
2024-03-01 16:25:20,295 INFO o.s.b.d.a.OptionalLiveReloadServer [restartedMain] LiveReload server is running on port 35729
2024-03-01 16:25:20,313 INFO o.a.j.l.DirectJDKLog [restartedMain] Starting ProtocolHandler ["http-nio-8080"]
2024-03-01 16:25:20,322 WARN o.s.c.s.AbstractApplicationContext [restartedMain] Exception encountered during context initialization - cancelling refresh attempt: org.springframework.context.ApplicationContextException: Failed to start bean 'webServerStartStop'
2024-03-01 16:25:20,343 INFO o.s.b.a.l.ConditionEvaluationReportLogger [restartedMain] 

Error starting ApplicationContext. To display the condition evaluation report re-run your application with 'debug' enabled.
2024-03-01 16:25:20,375 ERROR o.s.b.d.LoggingFailureAnalysisReporter [restartedMain] 

***************************
APPLICATION FAILED TO START
***************************

Description:

Web server failed to start. Port 8080 was already in use.

Action:

Identify and stop the process that's listening on port 8080 or configure this application to listen on another port.

2024-03-01 16:25:41,092 INFO o.s.b.StartupInfoLogger [restartedMain] Starting Ex1loggingApplication using Java 21.0.2 with PID 17008 (C:\Users\anton\Desktop\Develhope\eserciziJava\Spring\2.Spring_Adv\3. Logging\ex1logging\target\classes started by anton in C:\Users\anton\Desktop\Develhope\eserciziJava\Spring\2.Spring_Adv\3. Logging\ex1logging)
2024-03-01 16:25:41,094 DEBUG o.s.b.StartupInfoLogger [restartedMain] Running with Spring Boot v3.2.3, Spring v6.1.4
2024-03-01 16:25:41,095 INFO o.s.b.SpringApplication [restartedMain] No active profile set, falling back to 1 default profile: "default"
2024-03-01 16:25:41,155 INFO o.s.b.l.DeferredLog [restartedMain] Devtools property defaults active! Set 'spring.devtools.add-properties' to 'false' to disable
2024-03-01 16:25:41,156 INFO o.s.b.l.DeferredLog [restartedMain] For additional web related logging consider setting the 'logging.level.web' property to 'DEBUG'
2024-03-01 16:25:42,342 INFO o.s.b.w.e.t.TomcatWebServer [restartedMain] Tomcat initialized with port 8080 (http)
2024-03-01 16:25:42,352 INFO o.a.j.l.DirectJDKLog [restartedMain] Initializing ProtocolHandler ["http-nio-8080"]
2024-03-01 16:25:42,354 INFO o.a.j.l.DirectJDKLog [restartedMain] Starting service [Tomcat]
2024-03-01 16:25:42,356 INFO o.a.j.l.DirectJDKLog [restartedMain] Starting Servlet engine: [Apache Tomcat/10.1.19]
2024-03-01 16:25:42,401 INFO o.a.j.l.DirectJDKLog [restartedMain] Initializing Spring embedded WebApplicationContext
2024-03-01 16:25:42,404 INFO o.s.b.w.s.c.ServletWebServerApplicationContext [restartedMain] Root WebApplicationContext: initialization completed in 1245 ms
2024-03-01 16:25:42,799 INFO o.s.b.d.a.OptionalLiveReloadServer [restartedMain] LiveReload server is running on port 35729
2024-03-01 16:25:42,818 INFO o.a.j.l.DirectJDKLog [restartedMain] Starting ProtocolHandler ["http-nio-8080"]
2024-03-01 16:25:42,825 WARN o.s.c.s.AbstractApplicationContext [restartedMain] Exception encountered during context initialization - cancelling refresh attempt: org.springframework.context.ApplicationContextException: Failed to start bean 'webServerStartStop'
2024-03-01 16:25:42,840 INFO o.s.b.a.l.ConditionEvaluationReportLogger [restartedMain] 

Error starting ApplicationContext. To display the condition evaluation report re-run your application with 'debug' enabled.
2024-03-01 16:25:42,859 ERROR o.s.b.d.LoggingFailureAnalysisReporter [restartedMain] 

***************************
APPLICATION FAILED TO START
***************************

Description:

Web server failed to start. Port 8080 was already in use.

Action:

Identify and stop the process that's listening on port 8080 or configure this application to listen on another port.

2024-03-01 16:26:34,608 INFO o.s.b.StartupInfoLogger [restartedMain] Starting Ex1loggingApplication using Java 21.0.2 with PID 13152 (C:\Users\anton\Desktop\Develhope\eserciziJava\Spring\2.Spring_Adv\3. Logging\ex1logging\target\classes started by anton in C:\Users\anton\Desktop\Develhope\eserciziJava\Spring\2.Spring_Adv\3. Logging\ex1logging)
2024-03-01 16:26:34,611 DEBUG o.s.b.StartupInfoLogger [restartedMain] Running with Spring Boot v3.2.3, Spring v6.1.4
2024-03-01 16:26:34,612 INFO o.s.b.SpringApplication [restartedMain] No active profile set, falling back to 1 default profile: "default"
2024-03-01 16:26:34,671 INFO o.s.b.l.DeferredLog [restartedMain] Devtools property defaults active! Set 'spring.devtools.add-properties' to 'false' to disable
2024-03-01 16:26:34,671 INFO o.s.b.l.DeferredLog [restartedMain] For additional web related logging consider setting the 'logging.level.web' property to 'DEBUG'
2024-03-01 16:26:35,761 INFO o.s.b.w.e.t.TomcatWebServer [restartedMain] Tomcat initialized with port 8080 (http)
2024-03-01 16:26:35,772 INFO o.a.j.l.DirectJDKLog [restartedMain] Initializing ProtocolHandler ["http-nio-8080"]
2024-03-01 16:26:35,774 INFO o.a.j.l.DirectJDKLog [restartedMain] Starting service [Tomcat]
2024-03-01 16:26:35,775 INFO o.a.j.l.DirectJDKLog [restartedMain] Starting Servlet engine: [Apache Tomcat/10.1.19]
2024-03-01 16:26:35,817 INFO o.a.j.l.DirectJDKLog [restartedMain] Initializing Spring embedded WebApplicationContext
2024-03-01 16:26:35,817 INFO o.s.b.w.s.c.ServletWebServerApplicationContext [restartedMain] Root WebApplicationContext: initialization completed in 1145 ms
2024-03-01 16:26:36,222 INFO o.s.b.d.a.OptionalLiveReloadServer [restartedMain] LiveReload server is running on port 35729
2024-03-01 16:26:36,233 INFO o.a.j.l.DirectJDKLog [restartedMain] Starting ProtocolHandler ["http-nio-8080"]
2024-03-01 16:26:36,250 INFO o.s.b.w.e.t.TomcatWebServer [restartedMain] Tomcat started on port 8080 (http) with context path ''
2024-03-01 16:26:36,259 INFO o.s.b.StartupInfoLogger [restartedMain] Started Ex1loggingApplication in 2.274 seconds (process running for 2.749)
2024-03-01 16:27:09,620 INFO o.a.j.l.DirectJDKLog [http-nio-8080-exec-1] Initializing Spring DispatcherServlet 'dispatcherServlet'
2024-03-01 16:27:09,620 INFO o.s.w.s.FrameworkServlet [http-nio-8080-exec-1] Initializing Servlet 'dispatcherServlet'
2024-03-01 16:27:09,621 INFO o.s.w.s.FrameworkServlet [http-nio-8080-exec-1] Completed initialization in 1 ms
2024-03-01 16:33:12,146 DEBUG c.e.e.s.CalcService [http-nio-8080-exec-5] Starting calculation
2024-03-01 16:33:12,147 DEBUG c.e.e.s.CalcService [http-nio-8080-exec-5] These are your values: 2.08.0
2024-03-01 16:33:12,149 DEBUG c.e.e.s.CalcService [http-nio-8080-exec-5] Ending calculation. Your result is: 256.0
2024-03-01 16:33:59,447 DEBUG c.e.e.s.CalcService [http-nio-8080-exec-6] This is the new error
2024-03-01 16:35:11,612 INFO o.s.b.StartupInfoLogger [restartedMain] Starting Ex1loggingApplication using Java 21.0.2 with PID 14048 (C:\Users\anton\Desktop\Develhope\eserciziJava\Spring\2.Spring_Adv\3. Logging\ex1logging\target\classes started by anton in C:\Users\anton\Desktop\Develhope\eserciziJava\Spring\2.Spring_Adv\3. Logging\ex1logging)
2024-03-01 16:35:11,614 DEBUG o.s.b.StartupInfoLogger [restartedMain] Running with Spring Boot v3.2.3, Spring v6.1.4
2024-03-01 16:35:11,617 INFO o.s.b.SpringApplication [restartedMain] No active profile set, falling back to 1 default profile: "default"
2024-03-01 16:35:11,719 INFO o.s.b.l.DeferredLog [restartedMain] Devtools property defaults active! Set 'spring.devtools.add-properties' to 'false' to disable
2024-03-01 16:35:11,720 INFO o.s.b.l.DeferredLog [restartedMain] For additional web related logging consider setting the 'logging.level.web' property to 'DEBUG'
2024-03-01 16:35:13,256 INFO o.s.b.w.e.t.TomcatWebServer [restartedMain] Tomcat initialized with port 8080 (http)
2024-03-01 16:35:13,273 INFO o.a.j.l.DirectJDKLog [restartedMain] Initializing ProtocolHandler ["http-nio-8080"]
2024-03-01 16:35:13,275 INFO o.a.j.l.DirectJDKLog [restartedMain] Starting service [Tomcat]
2024-03-01 16:35:13,276 INFO o.a.j.l.DirectJDKLog [restartedMain] Starting Servlet engine: [Apache Tomcat/10.1.19]
2024-03-01 16:35:13,336 INFO o.a.j.l.DirectJDKLog [restartedMain] Initializing Spring embedded WebApplicationContext
2024-03-01 16:35:13,337 INFO o.s.b.w.s.c.ServletWebServerApplicationContext [restartedMain] Root WebApplicationContext: initialization completed in 1614 ms
2024-03-01 16:35:13,812 INFO o.s.b.d.a.OptionalLiveReloadServer [restartedMain] LiveReload server is running on port 35729
2024-03-01 16:35:13,827 INFO o.a.j.l.DirectJDKLog [restartedMain] Starting ProtocolHandler ["http-nio-8080"]
2024-03-01 16:35:13,852 INFO o.s.b.w.e.t.TomcatWebServer [restartedMain] Tomcat started on port 8080 (http) with context path ''
2024-03-01 16:35:13,861 INFO o.s.b.StartupInfoLogger [restartedMain] Started Ex1loggingApplication in 2.943 seconds (process running for 3.492)
2024-03-01 16:47:00,582 INFO o.s.b.StartupInfoLogger [restartedMain] Starting Ex1loggingApplication using Java 21.0.2 with PID 13716 (C:\Users\anton\Desktop\Develhope\eserciziJava\Spring\2.Spring_Adv\3. Logging\ex1logging\target\classes started by anton in C:\Users\anton\Desktop\Develhope\eserciziJava\Spring\2.Spring_Adv\3. Logging\ex1logging)
2024-03-01 16:47:00,587 DEBUG o.s.b.StartupInfoLogger [restartedMain] Running with Spring Boot v3.2.3, Spring v6.1.4
2024-03-01 16:47:00,588 INFO o.s.b.SpringApplication [restartedMain] No active profile set, falling back to 1 default profile: "default"
2024-03-01 16:47:00,692 INFO o.s.b.l.DeferredLog [restartedMain] Devtools property defaults active! Set 'spring.devtools.add-properties' to 'false' to disable
2024-03-01 16:47:00,693 INFO o.s.b.l.DeferredLog [restartedMain] For additional web related logging consider setting the 'logging.level.web' property to 'DEBUG'
2024-03-01 16:47:02,509 INFO o.s.b.w.e.t.TomcatWebServer [restartedMain] Tomcat initialized with port 8080 (http)
2024-03-01 16:47:02,527 INFO o.a.j.l.DirectJDKLog [restartedMain] Initializing ProtocolHandler ["http-nio-8080"]
2024-03-01 16:47:02,530 INFO o.a.j.l.DirectJDKLog [restartedMain] Starting service [Tomcat]
2024-03-01 16:47:02,530 INFO o.a.j.l.DirectJDKLog [restartedMain] Starting Servlet engine: [Apache Tomcat/10.1.19]
2024-03-01 16:47:02,583 INFO o.a.j.l.DirectJDKLog [restartedMain] Initializing Spring embedded WebApplicationContext
2024-03-01 16:47:02,584 INFO o.s.b.w.s.c.ServletWebServerApplicationContext [restartedMain] Root WebApplicationContext: initialization completed in 1888 ms
2024-03-01 16:47:03,052 INFO o.s.b.d.a.OptionalLiveReloadServer [restartedMain] LiveReload server is running on port 35729
2024-03-01 16:47:03,067 INFO o.a.j.l.DirectJDKLog [restartedMain] Starting ProtocolHandler ["http-nio-8080"]
2024-03-01 16:47:03,089 INFO o.s.b.w.e.t.TomcatWebServer [restartedMain] Tomcat started on port 8080 (http) with context path ''
2024-03-01 16:47:03,098 INFO o.s.b.StartupInfoLogger [restartedMain] Started Ex1loggingApplication in 3.371 seconds (process running for 4.025)
2024-03-01 16:47:15,264 INFO o.a.j.l.DirectJDKLog [http-nio-8080-exec-1] Initializing Spring DispatcherServlet 'dispatcherServlet'
2024-03-01 16:47:15,265 INFO o.s.w.s.FrameworkServlet [http-nio-8080-exec-1] Initializing Servlet 'dispatcherServlet'
2024-03-01 16:47:15,266 INFO o.s.w.s.FrameworkServlet [http-nio-8080-exec-1] Completed initialization in 1 ms
2024-03-01 16:47:15,299 DEBUG c.e.e.s.CalcService [http-nio-8080-exec-1] Starting calculation
2024-03-01 16:47:15,300 DEBUG c.e.e.s.CalcService [http-nio-8080-exec-1] These are your values: 2.08.0
2024-03-01 16:47:15,301 DEBUG c.e.e.s.CalcService [http-nio-8080-exec-1] Ending calculation. Your result is: 256.0
2024-03-01 16:53:43,243 INFO o.s.b.StartupInfoLogger [restartedMain] Starting Ex1loggingApplication using Java 21.0.2 with PID 24660 (C:\Users\anton\Desktop\Develhope\eserciziJava\Spring\2.Spring_Adv\3. Logging\ex1logging\target\classes started by anton in C:\Users\anton\Desktop\Develhope\eserciziJava\Spring\2.Spring_Adv\3. Logging\ex1logging)
2024-03-01 16:53:43,246 DEBUG o.s.b.StartupInfoLogger [restartedMain] Running with Spring Boot v3.2.3, Spring v6.1.4
2024-03-01 16:53:43,248 INFO o.s.b.SpringApplication [restartedMain] No active profile set, falling back to 1 default profile: "default"
2024-03-01 16:53:43,314 INFO o.s.b.l.DeferredLog [restartedMain] Devtools property defaults active! Set 'spring.devtools.add-properties' to 'false' to disable
2024-03-01 16:53:43,315 INFO o.s.b.l.DeferredLog [restartedMain] For additional web related logging consider setting the 'logging.level.web' property to 'DEBUG'
2024-03-01 16:53:44,324 INFO o.s.b.w.e.t.TomcatWebServer [restartedMain] Tomcat initialized with port 8080 (http)
2024-03-01 16:53:44,335 INFO o.a.j.l.DirectJDKLog [restartedMain] Initializing ProtocolHandler ["http-nio-8080"]
2024-03-01 16:53:44,337 INFO o.a.j.l.DirectJDKLog [restartedMain] Starting service [Tomcat]
2024-03-01 16:53:44,337 INFO o.a.j.l.DirectJDKLog [restartedMain] Starting Servlet engine: [Apache Tomcat/10.1.19]
2024-03-01 16:53:44,377 INFO o.a.j.l.DirectJDKLog [restartedMain] Initializing Spring embedded WebApplicationContext
2024-03-01 16:53:44,379 INFO o.s.b.w.s.c.ServletWebServerApplicationContext [restartedMain] Root WebApplicationContext: initialization completed in 1062 ms
2024-03-01 16:53:44,779 INFO o.s.b.d.a.OptionalLiveReloadServer [restartedMain] LiveReload server is running on port 35729
2024-03-01 16:53:44,793 INFO o.a.j.l.DirectJDKLog [restartedMain] Starting ProtocolHandler ["http-nio-8080"]
2024-03-01 16:53:44,810 INFO o.s.b.w.e.t.TomcatWebServer [restartedMain] Tomcat started on port 8080 (http) with context path ''
2024-03-01 16:53:44,818 INFO o.s.b.StartupInfoLogger [restartedMain] Started Ex1loggingApplication in 2.132 seconds (process running for 2.566)
2024-03-01 16:53:48,626 INFO o.a.j.l.DirectJDKLog [http-nio-8080-exec-1] Initializing Spring DispatcherServlet 'dispatcherServlet'
2024-03-01 16:53:48,628 INFO o.s.w.s.FrameworkServlet [http-nio-8080-exec-1] Initializing Servlet 'dispatcherServlet'
2024-03-01 16:53:48,628 INFO o.s.w.s.FrameworkServlet [http-nio-8080-exec-1] Completed initialization in 0 ms
2024-03-01 16:53:48,656 DEBUG c.e.e.s.CalcService [http-nio-8080-exec-1] Starting calculation
2024-03-01 16:53:48,657 DEBUG c.e.e.s.CalcService [http-nio-8080-exec-1] These are your values: 2.0 and 8.0
2024-03-01 16:53:48,657 DEBUG c.e.e.s.CalcService [http-nio-8080-exec-1] Ending calculation. Your result is: 256.0
2024-03-01 16:53:50,958 DEBUG c.e.e.s.CalcService [http-nio-8080-exec-2] Starting calculation
2024-03-01 16:53:50,958 DEBUG c.e.e.s.CalcService [http-nio-8080-exec-2] These are your values: 2.0 and 8.0
2024-03-01 16:53:50,958 DEBUG c.e.e.s.CalcService [http-nio-8080-exec-2] Ending calculation. Your result is: 256.0
2024-03-01 16:56:00,728 INFO o.s.b.StartupInfoLogger [restartedMain] Starting Ex1loggingApplication using Java 21.0.2 with PID 2636 (C:\Users\anton\Desktop\Develhope\eserciziJava\Spring\2.Spring_Adv\3. Logging\ex1logging\target\classes started by anton in C:\Users\anton\Desktop\Develhope\eserciziJava\Spring\2.Spring_Adv\3. Logging\ex1logging)
2024-03-01 16:56:00,731 DEBUG o.s.b.StartupInfoLogger [restartedMain] Running with Spring Boot v3.2.3, Spring v6.1.4
2024-03-01 16:56:00,732 INFO o.s.b.SpringApplication [restartedMain] No active profile set, falling back to 1 default profile: "default"
2024-03-01 16:56:00,791 INFO o.s.b.l.DeferredLog [restartedMain] Devtools property defaults active! Set 'spring.devtools.add-properties' to 'false' to disable
2024-03-01 16:56:00,791 INFO o.s.b.l.DeferredLog [restartedMain] For additional web related logging consider setting the 'logging.level.web' property to 'DEBUG'
2024-03-01 16:56:01,843 INFO o.s.b.w.e.t.TomcatWebServer [restartedMain] Tomcat initialized with port 8080 (http)
2024-03-01 16:56:01,855 INFO o.a.j.l.DirectJDKLog [restartedMain] Initializing ProtocolHandler ["http-nio-8080"]
2024-03-01 16:56:01,857 INFO o.a.j.l.DirectJDKLog [restartedMain] Starting service [Tomcat]
2024-03-01 16:56:01,858 INFO o.a.j.l.DirectJDKLog [restartedMain] Starting Servlet engine: [Apache Tomcat/10.1.19]
2024-03-01 16:56:01,903 INFO o.a.j.l.DirectJDKLog [restartedMain] Initializing Spring embedded WebApplicationContext
2024-03-01 16:56:01,905 INFO o.s.b.w.s.c.ServletWebServerApplicationContext [restartedMain] Root WebApplicationContext: initialization completed in 1111 ms
2024-03-01 16:56:02,315 INFO o.s.b.d.a.OptionalLiveReloadServer [restartedMain] LiveReload server is running on port 35729
2024-03-01 16:56:02,326 INFO o.a.j.l.DirectJDKLog [restartedMain] Starting ProtocolHandler ["http-nio-8080"]
2024-03-01 16:56:02,342 INFO o.s.b.w.e.t.TomcatWebServer [restartedMain] Tomcat started on port 8080 (http) with context path ''
2024-03-01 16:56:02,351 INFO o.s.b.StartupInfoLogger [restartedMain] Started Ex1loggingApplication in 2.271 seconds (process running for 2.708)
2024-03-01 16:56:09,500 INFO o.a.j.l.DirectJDKLog [http-nio-8080-exec-2] Initializing Spring DispatcherServlet 'dispatcherServlet'
2024-03-01 16:56:09,501 INFO o.s.w.s.FrameworkServlet [http-nio-8080-exec-2] Initializing Servlet 'dispatcherServlet'
2024-03-01 16:56:09,501 INFO o.s.w.s.FrameworkServlet [http-nio-8080-exec-2] Completed initialization in 0 ms
2024-03-01 16:56:09,529 DEBUG c.e.e.s.CalcService [http-nio-8080-exec-2] Starting calculation
2024-03-01 16:56:09,530 DEBUG c.e.e.s.CalcService [http-nio-8080-exec-2] These are your values: 2.0 and 8.0
2024-03-01 16:56:09,531 DEBUG c.e.e.s.CalcService [http-nio-8080-exec-2] Ending calculation. Your result is: 256.0
2024-03-01 16:56:11,861 DEBUG c.e.e.s.CalcService [http-nio-8080-exec-1] Starting calculation
2024-03-01 16:56:11,861 DEBUG c.e.e.s.CalcService [http-nio-8080-exec-1] These are your values: 2.0 and 8.0
2024-03-01 16:56:11,861 DEBUG c.e.e.s.CalcService [http-nio-8080-exec-1] Ending calculation. Your result is: 256.0
2024-03-01 16:56:12,172 DEBUG c.e.e.s.CalcService [http-nio-8080-exec-3] Starting calculation
2024-03-01 16:56:12,172 DEBUG c.e.e.s.CalcService [http-nio-8080-exec-3] These are your values: 2.0 and 8.0
2024-03-01 16:56:12,172 DEBUG c.e.e.s.CalcService [http-nio-8080-exec-3] Ending calculation. Your result is: 256.0
2024-03-01 16:56:12,299 DEBUG c.e.e.s.CalcService [http-nio-8080-exec-4] Starting calculation
2024-03-01 16:56:12,299 DEBUG c.e.e.s.CalcService [http-nio-8080-exec-4] These are your values: 2.0 and 8.0
2024-03-01 16:56:12,299 DEBUG c.e.e.s.CalcService [http-nio-8080-exec-4] Ending calculation. Your result is: 256.0
2024-03-01 16:56:12,450 DEBUG c.e.e.s.CalcService [http-nio-8080-exec-5] Starting calculation
2024-03-01 16:56:12,450 DEBUG c.e.e.s.CalcService [http-nio-8080-exec-5] These are your values: 2.0 and 8.0
2024-03-01 16:56:12,450 DEBUG c.e.e.s.CalcService [http-nio-8080-exec-5] Ending calculation. Your result is: 256.0
2024-03-01 16:56:12,587 DEBUG c.e.e.s.CalcService [http-nio-8080-exec-6] Starting calculation
2024-03-01 16:56:12,587 DEBUG c.e.e.s.CalcService [http-nio-8080-exec-6] These are your values: 2.0 and 8.0
2024-03-01 16:56:12,587 DEBUG c.e.e.s.CalcService [http-nio-8080-exec-6] Ending calculation. Your result is: 256.0
2024-03-01 16:57:09,608 INFO o.s.b.StartupInfoLogger [restartedMain] Starting Ex1loggingApplication using Java 21.0.2 with PID 10468 (C:\Users\anton\Desktop\Develhope\eserciziJava\Spring\2.Spring_Adv\3. Logging\ex1logging\target\classes started by anton in C:\Users\anton\Desktop\Develhope\eserciziJava\Spring\2.Spring_Adv\3. Logging\ex1logging)
2024-03-01 16:57:09,610 DEBUG o.s.b.StartupInfoLogger [restartedMain] Running with Spring Boot v3.2.3, Spring v6.1.4
2024-03-01 16:57:09,611 INFO o.s.b.SpringApplication [restartedMain] No active profile set, falling back to 1 default profile: "default"
2024-03-01 16:57:09,671 INFO o.s.b.l.DeferredLog [restartedMain] Devtools property defaults active! Set 'spring.devtools.add-properties' to 'false' to disable
2024-03-01 16:57:09,671 INFO o.s.b.l.DeferredLog [restartedMain] For additional web related logging consider setting the 'logging.level.web' property to 'DEBUG'
2024-03-01 16:57:10,636 INFO o.s.b.w.e.t.TomcatWebServer [restartedMain] Tomcat initialized with port 8080 (http)
2024-03-01 16:57:10,649 INFO o.a.j.l.DirectJDKLog [restartedMain] Initializing ProtocolHandler ["http-nio-8080"]
2024-03-01 16:57:10,652 INFO o.a.j.l.DirectJDKLog [restartedMain] Starting service [Tomcat]
2024-03-01 16:57:10,652 INFO o.a.j.l.DirectJDKLog [restartedMain] Starting Servlet engine: [Apache Tomcat/10.1.19]
2024-03-01 16:57:10,697 INFO o.a.j.l.DirectJDKLog [restartedMain] Initializing Spring embedded WebApplicationContext
2024-03-01 16:57:10,698 INFO o.s.b.w.s.c.ServletWebServerApplicationContext [restartedMain] Root WebApplicationContext: initialization completed in 1026 ms
2024-03-01 16:57:11,055 INFO o.s.b.d.a.OptionalLiveReloadServer [restartedMain] LiveReload server is running on port 35729
2024-03-01 16:57:11,067 INFO o.a.j.l.DirectJDKLog [restartedMain] Starting ProtocolHandler ["http-nio-8080"]
2024-03-01 16:57:11,083 INFO o.s.b.w.e.t.TomcatWebServer [restartedMain] Tomcat started on port 8080 (http) with context path ''
2024-03-01 16:57:11,090 INFO o.s.b.StartupInfoLogger [restartedMain] Started Ex1loggingApplication in 2.028 seconds (process running for 2.441)
2024-03-01 16:57:40,771 INFO o.a.j.l.DirectJDKLog [http-nio-8080-exec-1] Initializing Spring DispatcherServlet 'dispatcherServlet'
2024-03-01 16:57:40,772 INFO o.s.w.s.FrameworkServlet [http-nio-8080-exec-1] Initializing Servlet 'dispatcherServlet'
2024-03-01 16:57:40,773 INFO o.s.w.s.FrameworkServlet [http-nio-8080-exec-1] Completed initialization in 1 ms
2024-03-01 16:57:40,800 DEBUG c.e.e.s.CalcService [http-nio-8080-exec-1] This is the new error
2024-03-01 16:58:21,490 INFO o.s.b.StartupInfoLogger [restartedMain] Starting Ex1loggingApplication using Java 21.0.2 with PID 21932 (C:\Users\anton\Desktop\Develhope\eserciziJava\Spring\2.Spring_Adv\3. Logging\ex1logging\target\classes started by anton in C:\Users\anton\Desktop\Develhope\eserciziJava\Spring\2.Spring_Adv\3. Logging\ex1logging)
2024-03-01 16:58:21,492 DEBUG o.s.b.StartupInfoLogger [restartedMain] Running with Spring Boot v3.2.3, Spring v6.1.4
2024-03-01 16:58:21,493 INFO o.s.b.SpringApplication [restartedMain] No active profile set, falling back to 1 default profile: "default"
2024-03-01 16:58:21,546 INFO o.s.b.l.DeferredLog [restartedMain] Devtools property defaults active! Set 'spring.devtools.add-properties' to 'false' to disable
2024-03-01 16:58:21,546 INFO o.s.b.l.DeferredLog [restartedMain] For additional web related logging consider setting the 'logging.level.web' property to 'DEBUG'
2024-03-01 16:58:22,511 INFO o.s.b.w.e.t.TomcatWebServer [restartedMain] Tomcat initialized with port 8080 (http)
2024-03-01 16:58:22,523 INFO o.a.j.l.DirectJDKLog [restartedMain] Initializing ProtocolHandler ["http-nio-8080"]
2024-03-01 16:58:22,526 INFO o.a.j.l.DirectJDKLog [restartedMain] Starting service [Tomcat]
2024-03-01 16:58:22,526 INFO o.a.j.l.DirectJDKLog [restartedMain] Starting Servlet engine: [Apache Tomcat/10.1.19]
2024-03-01 16:58:22,569 INFO o.a.j.l.DirectJDKLog [restartedMain] Initializing Spring embedded WebApplicationContext
2024-03-01 16:58:22,571 INFO o.s.b.w.s.c.ServletWebServerApplicationContext [restartedMain] Root WebApplicationContext: initialization completed in 1023 ms
2024-03-01 16:58:22,930 INFO o.s.b.d.a.OptionalLiveReloadServer [restartedMain] LiveReload server is running on port 35729
2024-03-01 16:58:22,942 INFO o.a.j.l.DirectJDKLog [restartedMain] Starting ProtocolHandler ["http-nio-8080"]
2024-03-01 16:58:22,958 INFO o.s.b.w.e.t.TomcatWebServer [restartedMain] Tomcat started on port 8080 (http) with context path ''
2024-03-01 16:58:22,966 INFO o.s.b.StartupInfoLogger [restartedMain] Started Ex1loggingApplication in 1.991 seconds (process running for 2.395)
2024-03-01 16:58:25,791 INFO o.a.j.l.DirectJDKLog [http-nio-8080-exec-1] Initializing Spring DispatcherServlet 'dispatcherServlet'
2024-03-01 16:58:25,792 INFO o.s.w.s.FrameworkServlet [http-nio-8080-exec-1] Initializing Servlet 'dispatcherServlet'
2024-03-01 16:58:25,794 INFO o.s.w.s.FrameworkServlet [http-nio-8080-exec-1] Completed initialization in 2 ms
2024-03-01 16:58:25,819 DEBUG c.e.e.s.CalcService [http-nio-8080-exec-1] This is the new error
2024-03-01 16:58:27,477 DEBUG c.e.e.s.CalcService [http-nio-8080-exec-2] This is the new error
2024-03-01 16:58:27,636 DEBUG c.e.e.s.CalcService [http-nio-8080-exec-3] This is the new error
2024-03-01 16:58:27,770 DEBUG c.e.e.s.CalcService [http-nio-8080-exec-4] This is the new error
2024-03-01 16:58:27,906 DEBUG c.e.e.s.CalcService [http-nio-8080-exec-5] This is the new error
2024-03-01 16:58:28,059 DEBUG c.e.e.s.CalcService [http-nio-8080-exec-7] This is the new error
2024-03-01 16:58:28,194 DEBUG c.e.e.s.CalcService [http-nio-8080-exec-6] This is the new error
2024-03-01 17:17:14,986 INFO o.s.b.StartupInfoLogger [restartedMain] Starting Ex1loggingApplication using Java 21.0.2 with PID 7020 (C:\Users\anton\Desktop\Develhope\eserciziJava\Spring\2.Spring_Adv\3. Logging\ex1logging\target\classes started by anton in C:\Users\anton\Desktop\Develhope\eserciziJava\Spring\2.Spring_Adv\3. Logging\ex1logging)
2024-03-01 17:17:14,988 DEBUG o.s.b.StartupInfoLogger [restartedMain] Running with Spring Boot v3.2.3, Spring v6.1.4
2024-03-01 17:17:14,990 INFO o.s.b.SpringApplication [restartedMain] No active profile set, falling back to 1 default profile: "default"
2024-03-01 17:17:15,070 INFO o.s.b.l.DeferredLog [restartedMain] Devtools property defaults active! Set 'spring.devtools.add-properties' to 'false' to disable
2024-03-01 17:17:15,071 INFO o.s.b.l.DeferredLog [restartedMain] For additional web related logging consider setting the 'logging.level.web' property to 'DEBUG'
2024-03-01 17:17:16,507 INFO o.s.b.w.e.t.TomcatWebServer [restartedMain] Tomcat initialized with port 8080 (http)
2024-03-01 17:17:16,518 INFO o.a.j.l.DirectJDKLog [restartedMain] Initializing ProtocolHandler ["http-nio-8080"]
2024-03-01 17:17:16,521 INFO o.a.j.l.DirectJDKLog [restartedMain] Starting service [Tomcat]
2024-03-01 17:17:16,522 INFO o.a.j.l.DirectJDKLog [restartedMain] Starting Servlet engine: [Apache Tomcat/10.1.19]
2024-03-01 17:17:16,569 INFO o.a.j.l.DirectJDKLog [restartedMain] Initializing Spring embedded WebApplicationContext
2024-03-01 17:17:16,571 INFO o.s.b.w.s.c.ServletWebServerApplicationContext [restartedMain] Root WebApplicationContext: initialization completed in 1497 ms
2024-03-01 17:17:16,947 INFO o.s.b.d.a.OptionalLiveReloadServer [restartedMain] LiveReload server is running on port 35729
2024-03-01 17:17:16,960 INFO o.a.j.l.DirectJDKLog [restartedMain] Starting ProtocolHandler ["http-nio-8080"]
2024-03-01 17:17:16,979 INFO o.s.b.w.e.t.TomcatWebServer [restartedMain] Tomcat started on port 8080 (http) with context path ''
2024-03-01 17:17:16,990 INFO o.s.b.StartupInfoLogger [restartedMain] Started Ex1loggingApplication in 2.67 seconds (process running for 3.156)
2024-03-01 17:17:58,066 INFO o.a.j.l.DirectJDKLog [http-nio-8080-exec-1] Initializing Spring DispatcherServlet 'dispatcherServlet'
2024-03-01 17:17:58,066 INFO o.s.w.s.FrameworkServlet [http-nio-8080-exec-1] Initializing Servlet 'dispatcherServlet'
2024-03-01 17:17:58,067 INFO o.s.w.s.FrameworkServlet [http-nio-8080-exec-1] Completed initialization in 1 ms
2024-03-01 17:17:58,096 DEBUG c.e.e.s.CalcService [http-nio-8080-exec-1] This is the new error
2024-03-01 17:18:03,222 DEBUG c.e.e.s.CalcService [http-nio-8080-exec-2] Starting calculation
2024-03-01 17:18:03,223 DEBUG c.e.e.s.CalcService [http-nio-8080-exec-2] These are your values: 2.0 and 8.0
2024-03-01 17:18:03,224 DEBUG c.e.e.s.CalcService [http-nio-8080-exec-2] Ending calculation. Your result is: 256.0
